f:\大二下学期\数据库系统\databasesystemfortrain\databasetrain0.1\databasetrain0.1\x64\debug\vc141.pdb
f:\大二下学期\数据库系统\databasesystemfortrain\databasetrain0.1\databasetrain0.1\x64\debug\vc141.idb
f:\大二下学期\数据库系统\databasesystemfortrain\databasetrain0.1\databasetrain0.1\x64\debug\word.obj
f:\大二下学期\数据库系统\databasesystemfortrain\databasetrain0.1\databasetrain0.1\x64\debug\where.obj
f:\大二下学期\数据库系统\databasesystemfortrain\databasetrain0.1\databasetrain0.1\x64\debug\table.obj
f:\大二下学期\数据库系统\databasesystemfortrain\databasetrain0.1\databasetrain0.1\x64\debug\row.obj
f:\大二下学期\数据库系统\databasesystemfortrain\databasetrain0.1\databasetrain0.1\x64\debug\main.obj
f:\大二下学期\数据库系统\databasesystemfortrain\databasetrain0.1\databasetrain0.1\x64\debug\lexer.obj
f:\大二下学期\数据库系统\databasesystemfortrain\databasetrain0.1\databasetrain0.1\x64\debug\dbs.obj
f:\大二下学期\数据库系统\databasesystemfortrain\databasetrain0.1\databasetrain0.1\x64\debug\database.obj
f:\大二下学期\数据库系统\databasesystemfortrain\databasetrain0.1\databasetrain0.1\x64\debug\column.obj
f:\大二下学期\数据库系统\databasesystemfortrain\databasetrain0.1\x64\debug\databasetrain0.1.ilk
f:\大二下学期\数据库系统\databasesystemfortrain\databasetrain0.1\x64\debug\databasetrain0.1.exe
f:\大二下学期\数据库系统\databasesystemfortrain\databasetrain0.1\x64\debug\databasetrain0.1.pdb
f:\大二下学期\数据库系统\databasesystemfortrain\databasetrain0.1\databasetrain0.1\x64\debug\databasetrain0.1.tlog\cl.command.1.tlog
f:\大二下学期\数据库系统\databasesystemfortrain\databasetrain0.1\databasetrain0.1\x64\debug\databasetrain0.1.tlog\cl.read.1.tlog
f:\大二下学期\数据库系统\databasesystemfortrain\databasetrain0.1\databasetrain0.1\x64\debug\databasetrain0.1.tlog\cl.write.1.tlog
f:\大二下学期\数据库系统\databasesystemfortrain\databasetrain0.1\databasetrain0.1\x64\debug\databasetrain0.1.tlog\link.command.1.tlog
f:\大二下学期\数据库系统\databasesystemfortrain\databasetrain0.1\databasetrain0.1\x64\debug\databasetrain0.1.tlog\link.read.1.tlog
f:\大二下学期\数据库系统\databasesystemfortrain\databasetrain0.1\databasetrain0.1\x64\debug\databasetrain0.1.tlog\link.write.1.tlog
